C:\Program Files (x86)\Microsoft Visual Studio\2019\Enterprise\MSBuild\Microsoft\VC\v160\Microsoft.CppBuild.targets(498,5): warning MSB8004: Intermediate Directory does not end with a trailing slash.  This build instance will add the slash as it is required to allow proper evaluation of the Intermediate Directory.
C:\Program Files (x86)\Microsoft Visual Studio\2019\Enterprise\MSBuild\Microsoft\VC\v160\Microsoft.CppBuild.targets(499,5): warning MSB8004: Output Directory does not end with a trailing slash.  This build instance will add the slash as it is required to allow proper evaluation of the Output Directory.
  AI.cpp
C:\Users\Bogdan Strohonov\Desktop\GOAP2\GOAP\BTCommon.h(42,25): warning C4244: 'return': conversion from '_Rep' to 'double', possible loss of data
          with
          [
              _Rep=__int64
          ]
C:\Users\Bogdan Strohonov\Desktop\GOAP2\GOAP\BTCommon.h(57,25): warning C4244: 'return': conversion from '_Rep' to 'double', possible loss of data
          with
          [
              _Rep=__int64
          ]
C:\Users\Bogdan Strohonov\Desktop\GOAP2\GOAP\BTCommon.h(72,16): warning C4244: 'return': conversion from '_Rep' to 'double', possible loss of data
          with
          [
              _Rep=__int64
          ]
C:\Users\Bogdan Strohonov\Desktop\GOAP2\GOAP\BTRandomSequence.h(52,16): warning C4244: 'argument': conversion from 'time_t' to 'unsigned int', possible loss of data
C:\Users\Bogdan Strohonov\Desktop\GOAP2\GOAP\Components.h(103,10): warning C4244: 'initializing': conversion from 'float' to 'int', possible loss of data
C:\Users\Bogdan Strohonov\Desktop\GOAP2\GOAP\Components.h(107,54): warning C4244: 'return': conversion from 'int' to 'float', possible loss of data
C:\Users\Bogdan Strohonov\Desktop\GOAP2\GOAP\Components.h(110,1): warning C4305: 'return': truncation from 'int' to 'float'
C:\Users\Bogdan Strohonov\Desktop\GOAP2\GOAP\Components.h(377,68): warning C4244: 'argument': conversion from 'float' to 'int', possible loss of data
C:\Users\Bogdan Strohonov\Desktop\GOAP2\GOAP\Components.h(377,61): warning C4244: 'argument': conversion from 'float' to 'int', possible loss of data
C:\Users\Bogdan Strohonov\Desktop\GOAP2\GOAP\Components.h(442,25): warning C4244: '=': conversion from 'int' to 'float', possible loss of data
C:\Users\Bogdan Strohonov\Desktop\GOAP2\GOAP\Components.h(443,25): warning C4244: '=': conversion from 'int' to 'float', possible loss of data
C:\Users\Bogdan Strohonov\Desktop\GOAP2\GOAP\Components.h(590,1): warning C4267: 'initializing': conversion from 'size_t' to 'int', possible loss of data
C:\Users\Bogdan Strohonov\Desktop\GOAP2\GOAP\Components.h(666,8): warning C4244: '=': conversion from 'int' to 'float', possible loss of data
C:\Users\Bogdan Strohonov\Desktop\GOAP2\GOAP\Components.h(667,8): warning C4244: '=': conversion from 'int' to 'float', possible loss of data
C:\Users\Bogdan Strohonov\Desktop\GOAP2\GOAP\Components.h(668,8): warning C4244: '=': conversion from 'int' to 'float', possible loss of data
C:\Users\Bogdan Strohonov\Desktop\GOAP2\GOAP\Components.h(669,8): warning C4244: '=': conversion from 'int' to 'float', possible loss of data
C:\Users\Bogdan Strohonov\Desktop\GOAP2\GOAP\Timer.h(30,25): warning C4244: 'return': conversion from '_Rep' to 'double', possible loss of data
          with
          [
              _Rep=__int64
          ]
C:\Users\Bogdan Strohonov\Desktop\GOAP2\GOAP\Timer.h(45,25): warning C4244: 'return': conversion from '_Rep' to 'double', possible loss of data
          with
          [
              _Rep=__int64
          ]
C:\Users\Bogdan Strohonov\Desktop\GOAP2\GOAP\Timer.h(60,16): warning C4244: 'return': conversion from '_Rep' to 'double', possible loss of data
          with
          [
              _Rep=__int64
          ]
C:\Users\Bogdan Strohonov\Desktop\GOAP2\GOAP\BTMoveToRandomPosition.h(46,73): warning C4244: 'argument': conversion from 'int' to 'float', possible loss of data
C:\Users\Bogdan Strohonov\Desktop\GOAP2\GOAP\BTMoveToRandomPosition.h(46,70): warning C4244: 'argument': conversion from 'int' to 'float', possible loss of data
C:\Users\Bogdan Strohonov\Desktop\GOAP2\GOAP\BTMoveToRandomPosition.h(61,69): warning C4244: 'argument': conversion from 'int' to 'float', possible loss of data
C:\Users\Bogdan Strohonov\Desktop\GOAP2\GOAP\BTMoveToRandomPosition.h(61,66): warning C4244: 'argument': conversion from 'int' to 'float', possible loss of data
C:\Users\Bogdan Strohonov\Desktop\GOAP2\GOAP\BTGoToAgentBed.h(40,51): warning C4244: 'argument': conversion from 'int' to 'float', possible loss of data
C:\Users\Bogdan Strohonov\Desktop\GOAP2\GOAP\BTGoToAgentBed.h(40,34): warning C4244: 'argument': conversion from 'int' to 'float', possible loss of data
  ComponentSystem.cpp
  Components.cpp
C:\Users\Bogdan Strohonov\Desktop\GOAP2\GOAP\Components.h(103,10): warning C4244: 'initializing': conversion from 'float' to 'int', possible loss of data
C:\Users\Bogdan Strohonov\Desktop\GOAP2\GOAP\Components.h(107,54): warning C4244: 'return': conversion from 'int' to 'float', possible loss of data
C:\Users\Bogdan Strohonov\Desktop\GOAP2\GOAP\Components.h(110,1): warning C4305: 'return': truncation from 'int' to 'float'
C:\Users\Bogdan Strohonov\Desktop\GOAP2\GOAP\Components.h(377,68): warning C4244: 'argument': conversion from 'float' to 'int', possible loss of data
C:\Users\Bogdan Strohonov\Desktop\GOAP2\GOAP\Components.h(377,61): warning C4244: 'argument': conversion from 'float' to 'int', possible loss of data
C:\Users\Bogdan Strohonov\Desktop\GOAP2\GOAP\Components.h(442,25): warning C4244: '=': conversion from 'int' to 'float', possible loss of data
C:\Users\Bogdan Strohonov\Desktop\GOAP2\GOAP\Components.h(443,25): warning C4244: '=': conversion from 'int' to 'float', possible loss of data
C:\Users\Bogdan Strohonov\Desktop\GOAP2\GOAP\Components.h(590,1): warning C4267: 'initializing': conversion from 'size_t' to 'int', possible loss of data
C:\Users\Bogdan Strohonov\Desktop\GOAP2\GOAP\Components.h(666,8): warning C4244: '=': conversion from 'int' to 'float', possible loss of data
C:\Users\Bogdan Strohonov\Desktop\GOAP2\GOAP\Components.h(667,8): warning C4244: '=': conversion from 'int' to 'float', possible loss of data
C:\Users\Bogdan Strohonov\Desktop\GOAP2\GOAP\Components.h(668,8): warning C4244: '=': conversion from 'int' to 'float', possible loss of data
C:\Users\Bogdan Strohonov\Desktop\GOAP2\GOAP\Components.h(669,8): warning C4244: '=': conversion from 'int' to 'float', possible loss of data
C:\Users\Bogdan Strohonov\Desktop\GOAP2\GOAP\Components.cpp(32,57): warning C4244: '=': conversion from 'float' to 'int', possible loss of data
C:\Users\Bogdan Strohonov\Desktop\GOAP2\GOAP\Components.cpp(33,57): warning C4244: '=': conversion from 'float' to 'int', possible loss of data
C:\Users\Bogdan Strohonov\Desktop\GOAP2\GOAP\Components.cpp(200,12): warning C4244: 'initializing': conversion from 'float' to 'int', possible loss of data
C:\Users\Bogdan Strohonov\Desktop\GOAP2\GOAP\Components.cpp(201,12): warning C4244: 'initializing': conversion from 'float' to 'int', possible loss of data
C:\Users\Bogdan Strohonov\Desktop\GOAP2\GOAP\Components.cpp(282,23): warning C4244: 'initializing': conversion from 'float' to 'int', possible loss of data
C:\Users\Bogdan Strohonov\Desktop\GOAP2\GOAP\Components.cpp(283,24): warning C4244: 'initializing': conversion from 'float' to 'int', possible loss of data
C:\Program Files (x86)\Microsoft Visual Studio\2019\Enterprise\VC\Tools\MSVC\14.29.30037\include\tuple(170,47): warning C4244: 'initializing': conversion from '_Ty' to '_Ty', possible loss of data
          with
          [
              _Ty=int
          ]
          and
          [
              _Ty=float
          ]
C:\Program Files (x86)\Microsoft Visual Studio\2019\Enterprise\VC\Tools\MSVC\14.29.30037\include\tuple(258): message : see reference to function template instantiation 'std::_Tuple_val<_This>::_Tuple_val<_Ty>(_Other &&)' being compiled
          with
          [
              _This=float,
              _Ty=int,
              _Other=int
          ]
C:\Program Files (x86)\Microsoft Visual Studio\2019\Enterprise\VC\Tools\MSVC\14.29.30037\include\tuple(258): message : see reference to function template instantiation 'std::_Tuple_val<_This>::_Tuple_val<_Ty>(_Other &&)' being compiled
          with
          [
              _This=float,
              _Ty=int,
              _Other=int
          ]
C:\Program Files (x86)\Microsoft Visual Studio\2019\Enterprise\VC\Tools\MSVC\14.29.30037\include\tuple(258): message : see reference to function template instantiation 'std::tuple<float>::tuple<std::_Exact_args_t,_Ty,,0>(_Tag,_This2 &&)' being compiled
          with
          [
              _Ty=int,
              _Tag=std::_Exact_args_t,
              _This2=int
          ]
C:\Program Files (x86)\Microsoft Visual Studio\2019\Enterprise\VC\Tools\MSVC\14.29.30037\include\tuple(258): message : see reference to function template instantiation 'std::tuple<float>::tuple<std::_Exact_args_t,_Ty,,0>(_Tag,_This2 &&)' being compiled
          with
          [
              _Ty=int,
              _Tag=std::_Exact_args_t,
              _This2=int
          ]
C:\Program Files (x86)\Microsoft Visual Studio\2019\Enterprise\VC\Tools\MSVC\14.29.30037\include\tuple(258): message : see reference to function template instantiation 'std::tuple<int,float>::tuple<std::_Exact_args_t,_Ty,_Ty,0>(_Tag,_This2 &&,_Ty &&)' being compiled
          with
          [
              _Ty=int,
              _Tag=std::_Exact_args_t,
              _This2=int
          ]
C:\Program Files (x86)\Microsoft Visual Studio\2019\Enterprise\VC\Tools\MSVC\14.29.30037\include\tuple(258): message : see reference to function template instantiation 'std::tuple<int,float>::tuple<std::_Exact_args_t,_Ty,_Ty,0>(_Tag,_This2 &&,_Ty &&)' being compiled
          with
          [
              _Ty=int,
              _Tag=std::_Exact_args_t,
              _This2=int
          ]
C:\Program Files (x86)\Microsoft Visual Studio\2019\Enterprise\VC\Tools\MSVC\14.29.30037\include\tuple(258): message : see reference to function template instantiation 'std::tuple<int,int,float>::tuple<std::_Exact_args_t,_Ty,_Ty,_Ty,0>(_Tag,_This2 &&,_Ty &&,_Ty &&)' being compiled
          with
          [
              _Ty=int,
              _Tag=std::_Exact_args_t,
              _This2=int
          ]
C:\Program Files (x86)\Microsoft Visual Studio\2019\Enterprise\VC\Tools\MSVC\14.29.30037\include\tuple(258): message : see reference to function template instantiation 'std::tuple<int,int,float>::tuple<std::_Exact_args_t,_Ty,_Ty,_Ty,0>(_Tag,_This2 &&,_Ty &&,_Ty &&)' being compiled
          with
          [
              _Ty=int,
              _Tag=std::_Exact_args_t,
              _This2=int
          ]
C:\Program Files (x86)\Microsoft Visual Studio\2019\Enterprise\VC\Tools\MSVC\14.29.30037\include\tuple(258): message : see reference to function template instantiation 'std::tuple<int,int,int,float>::tuple<std::_Exact_args_t,_Ty,_Ty,_Ty,_Ty,0>(_Tag,_This2 &&,_Ty &&,_Ty &&,_Ty &&)' being compiled
          with
          [
              _Ty=int,
              _Tag=std::_Exact_args_t,
              _This2=int
          ]
C:\Program Files (x86)\Microsoft Visual Studio\2019\Enterprise\VC\Tools\MSVC\14.29.30037\include\tuple(258): message : see reference to function template instantiation 'std::tuple<int,int,int,float>::tuple<std::_Exact_args_t,_Ty,_Ty,_Ty,_Ty,0>(_Tag,_This2 &&,_Ty &&,_Ty &&,_Ty &&)' being compiled
          with
          [
              _Ty=int,
              _Tag=std::_Exact_args_t,
              _This2=int
          ]
C:\Program Files (x86)\Microsoft Visual Studio\2019\Enterprise\VC\Tools\MSVC\14.29.30037\include\tuple(878): message : see reference to function template instantiation 'std::tuple<int,int,int,int,float>::tuple<std::_Exact_args_t,int,int,int,int,int,0>(_Tag,_This2 &&,int &&,int &&,int &&,int &&)' being compiled
          with
          [
              _Tag=std::_Exact_args_t,
              _This2=int
          ]
C:\Program Files (x86)\Microsoft Visual Studio\2019\Enterprise\VC\Tools\MSVC\14.29.30037\include\tuple(878): message : see reference to function template instantiation 'std::tuple<int,int,int,int,float>::tuple<std::_Exact_args_t,int,int,int,int,int,0>(_Tag,_This2 &&,int &&,int &&,int &&,int &&)' being compiled
          with
          [
              _Tag=std::_Exact_args_t,
              _This2=int
          ]
C:\Program Files (x86)\Microsoft Visual Studio\2019\Enterprise\VC\Tools\MSVC\14.29.30037\include\tuple(265): message : see reference to function template instantiation 'std::tuple<int,int,int,int,float>::tuple<std::_Unpack_tuple_t,_Ty,0,1,2,3,4,0>(_Tag,_Tpl &&,std::integer_sequence<size_t,0,1,2,3,4>)' being compiled
          with
          [
              _Ty=std::tuple<int,int,int,int,int>,
              _Tag=std::_Unpack_tuple_t,
              _Tpl=std::tuple<int,int,int,int,int>
          ]
C:\Program Files (x86)\Microsoft Visual Studio\2019\Enterprise\VC\Tools\MSVC\14.29.30037\include\tuple(265): message : see reference to function template instantiation 'std::tuple<int,int,int,int,float>::tuple<std::_Unpack_tuple_t,_Ty,0,1,2,3,4,0>(_Tag,_Tpl &&,std::integer_sequence<size_t,0,1,2,3,4>)' being compiled
          with
          [
              _Ty=std::tuple<int,int,int,int,int>,
              _Tag=std::_Unpack_tuple_t,
              _Tpl=std::tuple<int,int,int,int,int>
          ]
C:\Program Files (x86)\Microsoft Visual Studio\2019\Enterprise\VC\Tools\MSVC\14.29.30037\include\tuple(392): message : see reference to function template instantiation 'std::tuple<int,int,int,int,float>::tuple<std::_Unpack_tuple_t,std::tuple<int,int,int,int,int>,0>(_Tag,_Tpl &&)' being compiled
          with
          [
              _Tag=std::_Unpack_tuple_t,
              _Tpl=std::tuple<int,int,int,int,int>
          ]
C:\Program Files (x86)\Microsoft Visual Studio\2019\Enterprise\VC\Tools\MSVC\14.29.30037\include\tuple(392): message : see reference to function template instantiation 'std::tuple<int,int,int,int,float>::tuple<std::_Unpack_tuple_t,std::tuple<int,int,int,int,int>,0>(_Tag,_Tpl &&)' being compiled
          with
          [
              _Tag=std::_Unpack_tuple_t,
              _Tpl=std::tuple<int,int,int,int,int>
          ]
C:\Users\Bogdan Strohonov\Desktop\GOAP2\GOAP\Components.cpp(69): message : see reference to function template instantiation 'std::tuple<int,int,int,int,float>::tuple<int,int,int,int,int,0>(std::tuple<int,int,int,int,int> &&) noexcept' being compiled
C:\Users\Bogdan Strohonov\Desktop\GOAP2\GOAP\Components.cpp(69): message : see reference to function template instantiation 'std::tuple<int,int,int,int,float>::tuple<int,int,int,int,int,0>(std::tuple<int,int,int,int,int> &&) noexcept' being compiled
  GameObject.cpp
  GameObjectCreator.cpp
C:\Users\Bogdan Strohonov\Desktop\GOAP2\GOAP\BTCommon.h(42,25): warning C4244: 'return': conversion from '_Rep' to 'double', possible loss of data
          with
          [
              _Rep=__int64
          ]
C:\Users\Bogdan Strohonov\Desktop\GOAP2\GOAP\BTCommon.h(57,25): warning C4244: 'return': conversion from '_Rep' to 'double', possible loss of data
          with
          [
              _Rep=__int64
          ]
C:\Users\Bogdan Strohonov\Desktop\GOAP2\GOAP\BTCommon.h(72,16): warning C4244: 'return': conversion from '_Rep' to 'double', possible loss of data
          with
          [
              _Rep=__int64
          ]
C:\Users\Bogdan Strohonov\Desktop\GOAP2\GOAP\BTRandomSequence.h(52,16): warning C4244: 'argument': conversion from 'time_t' to 'unsigned int', possible loss of data
C:\Users\Bogdan Strohonov\Desktop\GOAP2\GOAP\Components.h(103,10): warning C4244: 'initializing': conversion from 'float' to 'int', possible loss of data
C:\Users\Bogdan Strohonov\Desktop\GOAP2\GOAP\Components.h(107,54): warning C4244: 'return': conversion from 'int' to 'float', possible loss of data
C:\Users\Bogdan Strohonov\Desktop\GOAP2\GOAP\Components.h(110,1): warning C4305: 'return': truncation from 'int' to 'float'
C:\Users\Bogdan Strohonov\Desktop\GOAP2\GOAP\Components.h(377,68): warning C4244: 'argument': conversion from 'float' to 'int', possible loss of data
C:\Users\Bogdan Strohonov\Desktop\GOAP2\GOAP\Components.h(377,61): warning C4244: 'argument': conversion from 'float' to 'int', possible loss of data
C:\Users\Bogdan Strohonov\Desktop\GOAP2\GOAP\Components.h(442,25): warning C4244: '=': conversion from 'int' to 'float', possible loss of data
C:\Users\Bogdan Strohonov\Desktop\GOAP2\GOAP\Components.h(443,25): warning C4244: '=': conversion from 'int' to 'float', possible loss of data
C:\Users\Bogdan Strohonov\Desktop\GOAP2\GOAP\Components.h(590,1): warning C4267: 'initializing': conversion from 'size_t' to 'int', possible loss of data
C:\Users\Bogdan Strohonov\Desktop\GOAP2\GOAP\Components.h(666,8): warning C4244: '=': conversion from 'int' to 'float', possible loss of data
C:\Users\Bogdan Strohonov\Desktop\GOAP2\GOAP\Components.h(667,8): warning C4244: '=': conversion from 'int' to 'float', possible loss of data
C:\Users\Bogdan Strohonov\Desktop\GOAP2\GOAP\Components.h(668,8): warning C4244: '=': conversion from 'int' to 'float', possible loss of data
C:\Users\Bogdan Strohonov\Desktop\GOAP2\GOAP\Components.h(669,8): warning C4244: '=': conversion from 'int' to 'float', possible loss of data
C:\Users\Bogdan Strohonov\Desktop\GOAP2\GOAP\Timer.h(30,25): warning C4244: 'return': conversion from '_Rep' to 'double', possible loss of data
          with
          [
              _Rep=__int64
          ]
C:\Users\Bogdan Strohonov\Desktop\GOAP2\GOAP\Timer.h(45,25): warning C4244: 'return': conversion from '_Rep' to 'double', possible loss of data
          with
          [
              _Rep=__int64
          ]
C:\Users\Bogdan Strohonov\Desktop\GOAP2\GOAP\Timer.h(60,16): warning C4244: 'return': conversion from '_Rep' to 'double', possible loss of data
          with
          [
              _Rep=__int64
          ]
C:\Users\Bogdan Strohonov\Desktop\GOAP2\GOAP\BTMoveToRandomPosition.h(46,73): warning C4244: 'argument': conversion from 'int' to 'float', possible loss of data
C:\Users\Bogdan Strohonov\Desktop\GOAP2\GOAP\BTMoveToRandomPosition.h(46,70): warning C4244: 'argument': conversion from 'int' to 'float', possible loss of data
C:\Users\Bogdan Strohonov\Desktop\GOAP2\GOAP\BTMoveToRandomPosition.h(61,69): warning C4244: 'argument': conversion from 'int' to 'float', possible loss of data
C:\Users\Bogdan Strohonov\Desktop\GOAP2\GOAP\BTMoveToRandomPosition.h(61,66): warning C4244: 'argument': conversion from 'int' to 'float', possible loss of data
C:\Users\Bogdan Strohonov\Desktop\GOAP2\GOAP\BTGoToAgentBed.h(40,51): warning C4244: 'argument': conversion from 'int' to 'float', possible loss of data
C:\Users\Bogdan Strohonov\Desktop\GOAP2\GOAP\BTGoToAgentBed.h(40,34): warning C4244: 'argument': conversion from 'int' to 'float', possible loss of data
C:\Users\Bogdan Strohonov\Desktop\GOAP2\GOAP\GameObjectCreator.h(76,13): warning C4244: '=': conversion from 'double' to 'float', possible loss of data
C:\Users\Bogdan Strohonov\Desktop\GOAP2\GOAP\GameObjectCreator.h(79,13): warning C4244: '=': conversion from 'double' to 'float', possible loss of data
C:\Users\Bogdan Strohonov\Desktop\GOAP2\GOAP\GameObjectCreator.h(100,13): warning C4244: '=': conversion from 'double' to 'float', possible loss of data
C:\Users\Bogdan Strohonov\Desktop\GOAP2\GOAP\GameObjectCreator.h(103,13): warning C4244: '=': conversion from 'double' to 'float', possible loss of data
C:\Users\Bogdan Strohonov\Desktop\GOAP2\GOAP\GameObjectCreator.h(117,32): warning C4244: 'argument': conversion from 'double' to 'float', possible loss of data
C:\Users\Bogdan Strohonov\Desktop\GOAP2\GOAP\GameObjectCreator.h(122,32): warning C4244: 'argument': conversion from 'double' to 'float', possible loss of data
C:\Users\Bogdan Strohonov\Desktop\GOAP2\GOAP\GameObjectCreator.h(127,31): warning C4244: 'argument': conversion from 'double' to 'float', possible loss of data
C:\Users\Bogdan Strohonov\Desktop\GOAP2\GOAP\GameObjectCreator.h(216,15): warning C4244: 'initializing': conversion from 'double' to 'int', possible loss of data
C:\Users\Bogdan Strohonov\Desktop\GOAP2\GOAP\GameObjectCreator.h(217,15): warning C4244: 'initializing': conversion from 'double' to 'int', possible loss of data
  GameWorld.cpp
  main.cpp
C:\Program Files (x86)\Windows Kits\10\Include\10.0.19041.0\shared\minwindef.h(130,1): warning C4005: 'APIENTRY': macro redefinition
C:\Users\Bogdan Strohonov\Desktop\GOAP2\GOAP\common\include\GLFW\glfw3.h(123): message : see previous definition of 'APIENTRY'
C:\Users\Bogdan Strohonov\Desktop\GOAP2\GOAP\Components.h(103,10): warning C4244: 'initializing': conversion from 'float' to 'int', possible loss of data
C:\Users\Bogdan Strohonov\Desktop\GOAP2\GOAP\Components.h(107,54): warning C4244: 'return': conversion from 'int' to 'float', possible loss of data
C:\Users\Bogdan Strohonov\Desktop\GOAP2\GOAP\Components.h(110,1): warning C4305: 'return': truncation from 'int' to 'float'
C:\Users\Bogdan Strohonov\Desktop\GOAP2\GOAP\Components.h(377,68): warning C4244: 'argument': conversion from 'float' to 'int', possible loss of data
C:\Users\Bogdan Strohonov\Desktop\GOAP2\GOAP\Components.h(377,61): warning C4244: 'argument': conversion from 'float' to 'int', possible loss of data
C:\Users\Bogdan Strohonov\Desktop\GOAP2\GOAP\Components.h(442,25): warning C4244: '=': conversion from 'int' to 'float', possible loss of data
C:\Users\Bogdan Strohonov\Desktop\GOAP2\GOAP\Components.h(443,25): warning C4244: '=': conversion from 'int' to 'float', possible loss of data
C:\Users\Bogdan Strohonov\Desktop\GOAP2\GOAP\Components.h(590,1): warning C4267: 'initializing': conversion from 'size_t' to 'int', possible loss of data
C:\Users\Bogdan Strohonov\Desktop\GOAP2\GOAP\Components.h(666,8): warning C4244: '=': conversion from 'int' to 'float', possible loss of data
C:\Users\Bogdan Strohonov\Desktop\GOAP2\GOAP\Components.h(667,8): warning C4244: '=': conversion from 'int' to 'float', possible loss of data
C:\Users\Bogdan Strohonov\Desktop\GOAP2\GOAP\Components.h(668,8): warning C4244: '=': conversion from 'int' to 'float', possible loss of data
C:\Users\Bogdan Strohonov\Desktop\GOAP2\GOAP\Components.h(669,8): warning C4244: '=': conversion from 'int' to 'float', possible loss of data
C:\Users\Bogdan Strohonov\Desktop\GOAP2\GOAP\Timer.h(30,25): warning C4244: 'return': conversion from '_Rep' to 'double', possible loss of data
          with
          [
              _Rep=__int64
          ]
C:\Users\Bogdan Strohonov\Desktop\GOAP2\GOAP\Timer.h(45,25): warning C4244: 'return': conversion from '_Rep' to 'double', possible loss of data
          with
          [
              _Rep=__int64
          ]
C:\Users\Bogdan Strohonov\Desktop\GOAP2\GOAP\Timer.h(60,16): warning C4244: 'return': conversion from '_Rep' to 'double', possible loss of data
          with
          [
              _Rep=__int64
          ]
C:\Users\Bogdan Strohonov\Desktop\GOAP2\GOAP\BTCommon.h(42,25): warning C4244: 'return': conversion from '_Rep' to 'double', possible loss of data
          with
          [
              _Rep=__int64
          ]
C:\Users\Bogdan Strohonov\Desktop\GOAP2\GOAP\BTCommon.h(57,25): warning C4244: 'return': conversion from '_Rep' to 'double', possible loss of data
          with
          [
              _Rep=__int64
          ]
C:\Users\Bogdan Strohonov\Desktop\GOAP2\GOAP\BTCommon.h(72,16): warning C4244: 'return': conversion from '_Rep' to 'double', possible loss of data
          with
          [
              _Rep=__int64
          ]
C:\Users\Bogdan Strohonov\Desktop\GOAP2\GOAP\BTRandomSequence.h(52,16): warning C4244: 'argument': conversion from 'time_t' to 'unsigned int', possible loss of data
C:\Users\Bogdan Strohonov\Desktop\GOAP2\GOAP\BTMoveToRandomPosition.h(46,73): warning C4244: 'argument': conversion from 'int' to 'float', possible loss of data
C:\Users\Bogdan Strohonov\Desktop\GOAP2\GOAP\BTMoveToRandomPosition.h(46,70): warning C4244: 'argument': conversion from 'int' to 'float', possible loss of data
C:\Users\Bogdan Strohonov\Desktop\GOAP2\GOAP\BTMoveToRandomPosition.h(61,69): warning C4244: 'argument': conversion from 'int' to 'float', possible loss of data
C:\Users\Bogdan Strohonov\Desktop\GOAP2\GOAP\BTMoveToRandomPosition.h(61,66): warning C4244: 'argument': conversion from 'int' to 'float', possible loss of data
C:\Users\Bogdan Strohonov\Desktop\GOAP2\GOAP\BTGoToAgentBed.h(40,51): warning C4244: 'argument': conversion from 'int' to 'float', possible loss of data
C:\Users\Bogdan Strohonov\Desktop\GOAP2\GOAP\BTGoToAgentBed.h(40,34): warning C4244: 'argument': conversion from 'int' to 'float', possible loss of data
C:\Users\Bogdan Strohonov\Desktop\GOAP2\GOAP\GameObjectCreator.h(76,13): warning C4244: '=': conversion from 'double' to 'float', possible loss of data
C:\Users\Bogdan Strohonov\Desktop\GOAP2\GOAP\GameObjectCreator.h(79,13): warning C4244: '=': conversion from 'double' to 'float', possible loss of data
C:\Users\Bogdan Strohonov\Desktop\GOAP2\GOAP\GameObjectCreator.h(100,13): warning C4244: '=': conversion from 'double' to 'float', possible loss of data
C:\Users\Bogdan Strohonov\Desktop\GOAP2\GOAP\GameObjectCreator.h(103,13): warning C4244: '=': conversion from 'double' to 'float', possible loss of data
C:\Users\Bogdan Strohonov\Desktop\GOAP2\GOAP\GameObjectCreator.h(117,32): warning C4244: 'argument': conversion from 'double' to 'float', possible loss of data
C:\Users\Bogdan Strohonov\Desktop\GOAP2\GOAP\GameObjectCreator.h(122,32): warning C4244: 'argument': conversion from 'double' to 'float', possible loss of data
C:\Users\Bogdan Strohonov\Desktop\GOAP2\GOAP\GameObjectCreator.h(127,31): warning C4244: 'argument': conversion from 'double' to 'float', possible loss of data
C:\Users\Bogdan Strohonov\Desktop\GOAP2\GOAP\GameObjectCreator.h(216,15): warning C4244: 'initializing': conversion from 'double' to 'int', possible loss of data
C:\Users\Bogdan Strohonov\Desktop\GOAP2\GOAP\GameObjectCreator.h(217,15): warning C4244: 'initializing': conversion from 'double' to 'int', possible loss of data
C:\Users\Bogdan Strohonov\Desktop\GOAP2\GOAP\main.cpp(49,90): warning C4244: 'argument': conversion from 'double' to 'float', possible loss of data
C:\Users\Bogdan Strohonov\Desktop\GOAP2\GOAP\main.cpp(87,54): warning C4244: 'argument': conversion from 'int' to 'T', possible loss of data
          with
          [
              T=float
          ]
C:\Users\Bogdan Strohonov\Desktop\GOAP2\GOAP\main.cpp(87,37): warning C4244: 'argument': conversion from 'int' to 'T', possible loss of data
          with
          [
              T=float
          ]
C:\Users\Bogdan Strohonov\Desktop\GOAP2\GOAP\main.cpp(97,45): warning C4244: 'argument': conversion from '_Ty2' to 'T', possible loss of data
          with
          [
              _Ty2=int
          ]
          and
          [
              T=float
          ]
C:\Users\Bogdan Strohonov\Desktop\GOAP2\GOAP\main.cpp(97,33): warning C4244: 'argument': conversion from '_Ty1' to 'T', possible loss of data
          with
          [
              _Ty1=int
          ]
          and
          [
              T=float
          ]
C:\Users\Bogdan Strohonov\Desktop\GOAP2\GOAP\main.cpp(100,66): warning C4244: 'argument': conversion from 'int' to 'T', possible loss of data
          with
          [
              T=float
          ]
C:\Users\Bogdan Strohonov\Desktop\GOAP2\GOAP\main.cpp(100,45): warning C4244: 'argument': conversion from 'int' to 'T', possible loss of data
          with
          [
              T=float
          ]
C:\Users\Bogdan Strohonov\Desktop\GOAP2\GOAP\main.cpp(125,54): warning C4244: 'argument': conversion from 'int' to 'T', possible loss of data
          with
          [
              T=float
          ]
C:\Users\Bogdan Strohonov\Desktop\GOAP2\GOAP\main.cpp(125,37): warning C4244: 'argument': conversion from 'int' to 'T', possible loss of data
          with
          [
              T=float
          ]
C:\Users\Bogdan Strohonov\Desktop\GOAP2\GOAP\main.cpp(148,54): warning C4244: 'argument': conversion from 'int' to 'T', possible loss of data
          with
          [
              T=float
          ]
C:\Users\Bogdan Strohonov\Desktop\GOAP2\GOAP\main.cpp(148,37): warning C4244: 'argument': conversion from 'int' to 'T', possible loss of data
          with
          [
              T=float
          ]
C:\Users\Bogdan Strohonov\Desktop\GOAP2\GOAP\main.cpp(269,8): warning C4244: '=': conversion from 'int' to 'float', possible loss of data
C:\Users\Bogdan Strohonov\Desktop\GOAP2\GOAP\main.cpp(270,8): warning C4244: '=': conversion from 'int' to 'float', possible loss of data
C:\Users\Bogdan Strohonov\Desktop\GOAP2\GOAP\main.cpp(271,8): warning C4244: '=': conversion from 'int' to 'float', possible loss of data
C:\Users\Bogdan Strohonov\Desktop\GOAP2\GOAP\main.cpp(272,8): warning C4244: '=': conversion from 'int' to 'float', possible loss of data
C:\Users\Bogdan Strohonov\Desktop\GOAP2\GOAP\main.cpp(449,17): warning C4244: 'initializing': conversion from 'double' to 'float', possible loss of data
C:\Users\Bogdan Strohonov\Desktop\GOAP2\GOAP\main.cpp(478,62): warning C4267: 'initializing': conversion from 'size_t' to 'int', possible loss of data
  Generating Code...
C:\Users\Bogdan Strohonov\Desktop\GOAP2\GOAP\BTBlackboard.h(73): warning C4715: 'BTBlackboard::getData<GameObject *>': not all control paths return a value
C:\Users\Bogdan Strohonov\Desktop\GOAP2\GOAP\Any.h(54): warning C4715: 'Any::as<GameObject *>': not all control paths return a value
  GOAP.vcxproj -> C:\Users\Bogdan Strohonov\Desktop\GOAP2\GOAP\bin\Debug-x64\GOAP\GOAP.exe
