c:\users\bogdan strohonov\desktop\goap2\goap\intermediate\debug-x64\goap\vc142.pdb
c:\users\bogdan strohonov\desktop\goap2\goap\intermediate\debug-x64\goap\vc142.idb
c:\users\bogdan strohonov\desktop\goap2\goap\intermediate\debug-x64\goap\gameobject.obj
c:\users\bogdan strohonov\desktop\goap2\goap\intermediate\debug-x64\goap\componentsystem.obj
c:\users\bogdan strohonov\desktop\goap2\goap\intermediate\debug-x64\goap\components.obj
c:\users\bogdan strohonov\desktop\goap2\goap\intermediate\debug-x64\goap\tinyxml2.obj
c:\users\bogdan strohonov\desktop\goap2\goap\intermediate\debug-x64\goap\imgui_widgets.obj
c:\users\bogdan strohonov\desktop\goap2\goap\intermediate\debug-x64\goap\imgui_tables.obj
c:\users\bogdan strohonov\desktop\goap2\goap\intermediate\debug-x64\goap\imgui_draw.obj
c:\users\bogdan strohonov\desktop\goap2\goap\intermediate\debug-x64\goap\imgui_demo.obj
c:\users\bogdan strohonov\desktop\goap2\goap\intermediate\debug-x64\goap\imgui.obj
c:\users\bogdan strohonov\desktop\goap2\goap\intermediate\debug-x64\goap\imgui_impl_opengl3.obj
c:\users\bogdan strohonov\desktop\goap2\goap\intermediate\debug-x64\goap\imgui_impl_glfw.obj
c:\users\bogdan strohonov\desktop\goap2\goap\intermediate\debug-x64\goap\btnodes.obj
c:\users\bogdan strohonov\desktop\goap2\goap\intermediate\debug-x64\goap\btfactory.obj
c:\users\bogdan strohonov\desktop\goap2\goap\intermediate\debug-x64\goap\btblackboard.obj
c:\users\bogdan strohonov\desktop\goap2\goap\intermediate\debug-x64\goap\behaviortreedefinitions.obj
c:\users\bogdan strohonov\desktop\goap2\goap\intermediate\debug-x64\goap\any.obj
c:\users\bogdan strohonov\desktop\goap2\goap\intermediate\debug-x64\goap\ai.obj
c:\users\bogdan strohonov\desktop\goap2\goap\intermediate\debug-x64\goap\agent.obj
c:\users\bogdan strohonov\desktop\goap2\goap\intermediate\debug-x64\goap\actions.obj
c:\users\bogdan strohonov\desktop\goap2\goap\intermediate\debug-x64\goap\actiondatabase.obj
c:\users\bogdan strohonov\desktop\goap2\goap\intermediate\debug-x64\goap\smartobject.obj
c:\users\bogdan strohonov\desktop\goap2\goap\intermediate\debug-x64\goap\main.obj
c:\users\bogdan strohonov\desktop\goap2\goap\intermediate\debug-x64\goap\gameworldtime.obj
c:\users\bogdan strohonov\desktop\goap2\goap\intermediate\debug-x64\goap\gameworld.obj
c:\users\bogdan strohonov\desktop\goap2\goap\intermediate\debug-x64\goap\gameobjectcreator.obj
c:\users\bogdan strohonov\desktop\goap2\goap\bin\debug-x64\goap\goap.lib
c:\users\bogdan strohonov\desktop\goap2\goap\bin\debug-x64\goap\goap.exp
c:\users\bogdan strohonov\desktop\goap2\\goap\bin\debug-x64\goap\goap.pdb
c:\users\bogdan strohonov\desktop\goap2\goap\intermediate\debug-x64\goap\goap.tlog\cl.command.1.tlog
c:\users\bogdan strohonov\desktop\goap2\goap\intermediate\debug-x64\goap\goap.tlog\cl.read.1.tlog
c:\users\bogdan strohonov\desktop\goap2\goap\intermediate\debug-x64\goap\goap.tlog\cl.write.1.tlog
c:\users\bogdan strohonov\desktop\goap2\goap\intermediate\debug-x64\goap\goap.tlog\goap.write.1u.tlog
c:\users\bogdan strohonov\desktop\goap2\goap\intermediate\debug-x64\goap\goap.tlog\link.command.1.tlog
c:\users\bogdan strohonov\desktop\goap2\goap\intermediate\debug-x64\goap\goap.tlog\link.read.1.tlog
c:\users\bogdan strohonov\desktop\goap2\goap\intermediate\debug-x64\goap\goap.tlog\link.write.1.tlog
